*** Using Compiler 'V5.06 update 7 (build 960)', folder: 'C:\Keil_v5\ARM\ARM_Compiler_5.06u7\Bin'
Rebuild target 'PWM'
assembling startup_stm32f10x_hd.s...
compiling step.c...
compiling stm32f10x_rcc.c...
compiling core_cm3.c...
compiling timer.c...
compiling stm32f10x_it.c...
compiling system_stm32f10x.c...
compiling delay.c...
compiling key.c...
compiling usart.c...
compiling misc.c...
compiling main.c...
compiling led.c...
compiling stm32f10x_gpio.c...
compiling bsp_usart.c...
..\HARDWARE\USART\bsp_usart.c(61): warning:  #177-D: variable "rec"  was declared but never referenced
  	uint8_t rec;
..\HARDWARE\USART\bsp_usart.c(123): warning:  #1-D: last line of file ends without a newline
   
..\HARDWARE\USART\bsp_usart.c: 2 warnings, 0 errors
compiling sys.c...
compiling stm32f10x_usart.c...
compiling stm32f10x_tim.c...
linking...
Program Size: Code=12412 RO-data=336 RW-data=128 ZI-data=1832  
FromELF: creating hex file...
"..\OBJ\PWM.axf" - 0 Error(s), 2 Warning(s).
Build Time Elapsed:  00:00:01
